<?xml version="1.0" encoding="UTF-8"?>
<beans xmlns="http://www.springframework.org/schema/beans"
       xmlns:xsi="http://www.w3.org/2001/XMLSchema-instance"
       xmlns:context="http://www.springframework.org/schema/context" xmlns:tx="http://www.springframework.org/schema/tx"
       xmlns:mvc="http://www.springframework.org/schema/mvc"
       xsi:schemaLocation="http://www.springframework.org/schema/beans http://www.springframework.org/schema/beans/spring-beans.xsd http://www.springframework.org/schema/context http://www.springframework.org/schema/context/spring-context.xsd http://www.springframework.org/schema/tx http://www.springframework.org/schema/tx/spring-tx.xsd http://www.springframework.org/schema/mvc http://www.springframework.org/schema/mvc/spring-mvc.xsd">


    <context:component-scan base-package="ua.in.SmartHome"/>

    <!--<context:annotation-config/>-->

    <context:property-placeholder location="resources/**"/>

    <!--<mvc:annotation-driven/>-->

    <!--<beans profile="testProfile">-->
        <bean id="dataSourceH2" class="org.apache.commons.dbcp2.BasicDataSource">
            <!--<property name="driverClassName" value="${jdbc.h2.driverClass}" />
            <property name="url" value="${jdbc.h2.url}" />
            <property name="username" value="${jdbc.h2.username}" />
            <property name="password" value="${jdbc.h2.password}" />-->
            <property name="driverClassName" value="org.h2.Driver" />
            <property name="url" value="jdbc:h2:mem:IOServiceRe" />
            <property name="username" value="sa" />
            <property name="password" value="" />
            <property name="initialSize" value="5" />
            <property name="maxTotal" value="10"/>
        </bean>
        <!-- initialize Embedded DataSource. Встроенная база данных-->
        <!--<jdbc:initialize-database data-source="dataSourceH2">
            &lt;!&ndash;<jdbc:script location="classpath:db/create_table.sql"/>&ndash;&gt;
            <jdbc:script location="classpath:db/create_data.sql"/>
        </jdbc:initialize-database>-->
        <!--<bean id="jdbcTemplateH2" class="org.springframework.jdbc.core.JdbcTemplate">
            <constructor-arg name="dataSource" ref="dataSourceH2"/>
        </bean>
        -->

        <bean id="entityManagerFactoryH2" class="org.springframework.orm.jpa.LocalContainerEntityManagerFactoryBean">
            <property name="dataSource" ref="dataSourceH2"/>

            <property name="jpaVendorAdapter" ref="hibernateJpaVendorAdapterH2"/>

            <property name="jpaProperties">
                <props>
                    <prop key="hibernate.dialect">org.hibernate.dialect.MySQL5InnoDBDialect</prop>
                    <prop key="hibernate.hbm2ddl.auto">update</prop>
                    <prop key="hibernate.show_sql">true</prop>
                </props>
            </property>

            <property name="packagesToScan" value="ua.in.SmartHome"/>

            <property name="sharedCacheMode" value="ENABLE_SELECTIVE"/>

            <property name="validationMode" value="NONE"/>
        </bean>

        <bean id="hibernateJpaVendorAdapterH2" class="org.springframework.orm.jpa.vendor.HibernateJpaVendorAdapter"/>

        <bean id="transactionManagerH2" class="org.springframework.orm.jpa.JpaTransactionManager">
            <property name="entityManagerFactory" ref="entityManagerFactoryH2"/>
        </bean>

        <tx:annotation-driven transaction-manager="transactionManagerH2"/>

    <!--</beans>-->





</beans>